Remember that you can report errors and get help in https://github.com/NicoSantangelo/sublime-gulp

07-12-2016 09:16:
/Users/EricD/Library/Application Support/Sublime Text 3/Packages/Gulp/write_tasks_to_cache.js:31
        throw ex;
        ^

Error: Cannot find module 'vinyl-source-stream'
    at Function.Module._resolveFilename (module.js:325:15)
    at Function.Module._load (module.js:276:25)
    at Module.require (module.js:353:17)
    at require (internal/module.js:12:17)
    at Object.<anonymous> (/Users/EricD/workspace/exercises/mjd/browserify-sandwich-maker/.sublime-gulp-tmp.js:9:14)
    at Module._compile (module.js:409:26)
    at Object.Module._extensions..js (module.js:416:10)
    at Module.load (module.js:343:32)
    at Function.Module._load (module.js:300:12)
    at Module.require (module.js:353:17)


07-12-2016 09:17:
/Users/EricD/Library/Application Support/Sublime Text 3/Packages/Gulp/write_tasks_to_cache.js:31
        throw ex;
        ^

Error: Cannot find module 'vinyl-source-stream'
    at Function.Module._resolveFilename (module.js:325:15)
    at Function.Module._load (module.js:276:25)
    at Module.require (module.js:353:17)
    at require (internal/module.js:12:17)
    at Object.<anonymous> (/Users/EricD/workspace/exercises/mjd/browserify-sandwich-maker/.sublime-gulp-tmp.js:9:14)
    at Module._compile (module.js:409:26)
    at Object.Module._extensions..js (module.js:416:10)
    at Module.load (module.js:343:32)
    at Function.Module._load (module.js:300:12)
    at Module.require (module.js:353:17)


07-12-2016 09:18:
/Users/EricD/Library/Application Support/Sublime Text 3/Packages/Gulp/write_tasks_to_cache.js:31
        throw ex;
        ^

Error: Cannot find module 'vinyl-source-stream'
    at Function.Module._resolveFilename (module.js:325:15)
    at Function.Module._load (module.js:276:25)
    at Module.require (module.js:353:17)
    at require (internal/module.js:12:17)
    at Object.<anonymous> (/Users/EricD/workspace/exercises/mjd/browserify-sandwich-maker/.sublime-gulp-tmp.js:8:14)
    at Module._compile (module.js:409:26)
    at Object.Module._extensions..js (module.js:416:10)
    at Module.load (module.js:343:32)
    at Function.Module._load (module.js:300:12)
    at Module.require (module.js:353:17)


07-12-2016 09:18:
/Users/EricD/Library/Application Support/Sublime Text 3/Packages/Gulp/write_tasks_to_cache.js:31
        throw ex;
        ^

Error: Cannot find module 'vinyl-source-stream'
    at Function.Module._resolveFilename (module.js:325:15)
    at Function.Module._load (module.js:276:25)
    at Module.require (module.js:353:17)
    at require (internal/module.js:12:17)
    at Object.<anonymous> (/Users/EricD/workspace/exercises/mjd/browserify-sandwich-maker/.sublime-gulp-tmp.js:9:14)
    at Module._compile (module.js:409:26)
    at Object.Module._extensions..js (module.js:416:10)
    at Module.load (module.js:343:32)
    at Function.Module._load (module.js:300:12)
    at Module.require (module.js:353:17)


07-12-2016 09:20:
/Users/EricD/Library/Application Support/Sublime Text 3/Packages/Gulp/write_tasks_to_cache.js:31
        throw ex;
        ^

Error: Cannot find module 'vinyl-source-stream'
    at Function.Module._resolveFilename (module.js:325:15)
    at Function.Module._load (module.js:276:25)
    at Module.require (module.js:353:17)
    at require (internal/module.js:12:17)
    at Object.<anonymous> (/Users/EricD/workspace/exercises/mjd/browserify-sandwich-maker/.sublime-gulp-tmp.js:8:14)
    at Module._compile (module.js:409:26)
    at Object.Module._extensions..js (module.js:416:10)
    at Module.load (module.js:343:32)
    at Function.Module._load (module.js:300:12)
    at Module.require (module.js:353:17)
